<?xml version="1.0" encoding="UTF-8"?>
<!-- Generated by org.testng.reporters.JUnitReportReporter -->
<testsuite hostname="LIN-75NLBK3" failures="0" tests="3" name="parllel.copy.Testcase_1" time="52.100" errors="0" timestamp="2024-04-20T21:29:07 IST" skipped="0">
  <testcase classname="parllel.copy.Testcase_1" name="scenario1" time="17.682"/>
  <system-out/>
  <testcase classname="parllel.copy.Testcase_1" name="scenario1" time="19.347"/>
  <system-out/>
  <testcase classname="parllel.copy.Testcase_1" name="scenario1" time="15.071"/>
  <system-out/>
</testsuite> <!-- parllel.copy.Testcase_1 -->
