<?xml version="1.0" encoding="UTF-8"?>
<!-- Generated by org.testng.reporters.JUnitReportReporter -->
<testsuite hostname="LIN-75NLBK3" failures="0" tests="3" name="Cross_parllel.Testcase_3" time="217.896" errors="0" timestamp="2024-04-11T21:25:03 IST" skipped="0">
  <testcase classname="Cross_parllel.Testcase_3" name="scenario3" time="68.469"/>
  <system-out/>
  <testcase classname="Cross_parllel.Testcase_3" name="scenario3" time="64.934"/>
  <system-out/>
  <testcase classname="Cross_parllel.Testcase_3" name="scenario3" time="84.493"/>
  <system-out/>
</testsuite> <!-- Cross_parllel.Testcase_3 -->
