<?xml version="1.0" encoding="UTF-8"?>
<!-- Generated by org.testng.reporters.JUnitReportReporter -->
<testsuite hostname="LIN-75NLBK3" failures="0" tests="3" name="parllel.copy.Testcase_3" time="34.452" errors="0" timestamp="2024-04-20T21:29:07 IST" skipped="0">
  <testcase classname="parllel.copy.Testcase_3" name="scenario3" time="11.445"/>
  <system-out/>
  <testcase classname="parllel.copy.Testcase_3" name="scenario3" time="8.411"/>
  <system-out/>
  <testcase classname="parllel.copy.Testcase_3" name="scenario3" time="14.596"/>
  <system-out/>
</testsuite> <!-- parllel.copy.Testcase_3 -->
