<?xml version="1.0" encoding="UTF-8"?>
<!-- Generated by org.testng.reporters.JUnitReportReporter -->
<testsuite hostname="LIN-75NLBK3" failures="0" tests="4" name="TestNG.Groupings" time="0.027" errors="0" timestamp="2024-04-16T12:54:12 IST" skipped="0">
  <testcase classname="TestNG.Groupings" name="apple1" time="0.021"/>
  <system-out/>
  <testcase classname="TestNG.Groupings" name="apple2" time="0.002"/>
  <system-out/>
  <testcase classname="TestNG.Groupings" name="moto1" time="0.001"/>
  <system-out/>
  <testcase classname="TestNG.Groupings" name="moto2" time="0.003"/>
  <system-out/>
</testsuite> <!-- TestNG.Groupings -->
