<?xml version="1.0" encoding="UTF-8"?>
<!-- Generated by org.testng.reporters.JUnitReportReporter -->
<testsuite hostname="LIN-75NLBK3" failures="0" tests="3" name="TestNG.Dependsonmethods" time="0.006" errors="0" timestamp="2024-04-11T14:53:43 IST" skipped="0">
  <testcase classname="TestNG.Dependsonmethods" name="go_to_home" time="0.001"/>
  <system-out/>
  <testcase classname="TestNG.Dependsonmethods" name="Read" time="0.003"/>
  <system-out/>
  <testcase classname="TestNG.Dependsonmethods" name="go_to_school" time="0.002"/>
  <system-out/>
</testsuite> <!-- TestNG.Dependsonmethods -->
