<?xml version="1.0" encoding="UTF-8"?>
<!-- Generated by org.testng.reporters.JUnitReportReporter -->
<testsuite hostname="LIN-75NLBK3" failures="0" tests="3" name="Cross_parllel.Testcase_2" time="66.810" errors="0" timestamp="2024-04-18T13:01:36 IST" skipped="0">
  <testcase classname="Cross_parllel.Testcase_2" name="scenario2" time="22.066"/>
  <system-out/>
  <testcase classname="Cross_parllel.Testcase_2" name="scenario2" time="25.156"/>
  <system-out/>
  <testcase classname="Cross_parllel.Testcase_2" name="scenario2" time="19.588"/>
  <system-out/>
</testsuite> <!-- Cross_parllel.Testcase_2 -->
