<?xml version="1.0" encoding="UTF-8"?>
<!-- Generated by org.testng.reporters.JUnitReportReporter -->
<testsuite hostname="LIN-75NLBK3" failures="0" tests="3" name="TestNG.Bm_Test_Af" time="0.015" errors="0" timestamp="2024-04-11T14:53:42 IST" skipped="0">
  <testcase classname="TestNG.Bm_Test_Af" name="test3" time="0.003"/>
  <system-out/>
  <testcase classname="TestNG.Bm_Test_Af" name="test2" time="0.002"/>
  <system-out/>
  <testcase classname="TestNG.Bm_Test_Af" name="test1" time="0.010"/>
  <system-out/>
</testsuite> <!-- TestNG.Bm_Test_Af -->
