<?xml version="1.0" encoding="UTF-8"?>
<!-- Generated by org.testng.reporters.JUnitReportReporter -->
<testsuite hostname="LIN-75NLBK3" failures="0" tests="4" name="TestNG.Skip" time="0.004" errors="0" timestamp="2024-04-11T14:53:42 IST" skipped="1">
  <testcase classname="TestNG.Skip" name="Tc2" time="0.002"/>
  <system-out/>
  <testcase classname="TestNG.Skip" name="Tc1" time="0.001"/>
  <system-out/>
  <testcase classname="TestNG.Skip" name="Tc3" time="0.001"/>
  <system-out/>
  <testcase classname="TestNG.Skip" name="Tc4">
    <skipped/>
  </testcase> <!-- Tc4 -->
  <system-out/>
</testsuite> <!-- TestNG.Skip -->
