<?xml version="1.0" encoding="UTF-8"?>
<!-- Generated by org.testng.reporters.JUnitReportReporter -->
<testsuite hostname="LIN-75NLBK3" failures="0" tests="3" name="Cross_parllel.Testcase_3" time="32.955" errors="0" timestamp="2024-04-18T13:01:36 IST" skipped="0">
  <testcase classname="Cross_parllel.Testcase_3" name="scenario3" time="10.690"/>
  <system-out/>
  <testcase classname="Cross_parllel.Testcase_3" name="scenario3" time="13.069"/>
  <system-out/>
  <testcase classname="Cross_parllel.Testcase_3" name="scenario3" time="9.196"/>
  <system-out/>
</testsuite> <!-- Cross_parllel.Testcase_3 -->
