<?xml version="1.0" encoding="UTF-8"?>
<!-- Generated by org.testng.reporters.JUnitReportReporter -->
<testsuite hostname="LIN-75NLBK3" failures="0" tests="3" name="TestNG.TestSuite" time="19.226" errors="0" timestamp="2024-04-11T17:04:45 IST" skipped="0">
  <testcase classname="TestNG.TestSuite" name="openamazon" time="2.357"/>
  <system-out/>
  <testcase classname="TestNG.TestSuite" name="openbookmyshow" time="9.867"/>
  <system-out/>
  <testcase classname="TestNG.TestSuite" name="openflipkart" time="7.002"/>
  <system-out/>
</testsuite> <!-- TestNG.TestSuite -->
