<?xml version="1.0" encoding="UTF-8"?>
<!-- Generated by org.testng.reporters.JUnitReportReporter -->
<testsuite hostname="LIN-75NLBK3" failures="0" tests="3" name="TestNG.Priority" time="0.018" errors="0" timestamp="2024-04-11T14:53:42 IST" skipped="0">
  <testcase classname="TestNG.Priority" name="Tc2" time="0.003"/>
  <system-out/>
  <testcase classname="TestNG.Priority" name="Tc1" time="0.013"/>
  <system-out/>
  <testcase classname="TestNG.Priority" name="Tc3" time="0.002"/>
  <system-out/>
</testsuite> <!-- TestNG.Priority -->
