<?xml version="1.0" encoding="UTF-8"?>
<!-- Generated by org.testng.reporters.JUnitReportReporter -->
<testsuite hostname="LIN-75NLBK3" failures="0" tests="3" name="Cross_parllel.Testcase_1" time="54.994" errors="0" timestamp="2024-04-11T21:25:03 IST" skipped="0">
  <testcase classname="Cross_parllel.Testcase_1" name="scenario1" time="20.388"/>
  <system-out/>
  <testcase classname="Cross_parllel.Testcase_1" name="scenario1" time="18.490"/>
  <system-out/>
  <testcase classname="Cross_parllel.Testcase_1" name="scenario1" time="16.116"/>
  <system-out/>
</testsuite> <!-- Cross_parllel.Testcase_1 -->
