<?xml version="1.0" encoding="UTF-8"?>
<!-- Generated by org.testng.reporters.JUnitReportReporter -->
<testsuite hostname="LIN-75NLBK3" failures="0" tests="1" name="Grouping.Testcase_2" time="20.272" errors="0" timestamp="2024-04-11T16:19:17 IST" skipped="0">
  <testcase classname="Grouping.Testcase_2" name="scenario2" time="20.272"/>
  <system-out/>
</testsuite> <!-- Grouping.Testcase_2 -->
