<?xml version="1.0" encoding="UTF-8"?>
<!-- Generated by org.testng.reporters.JUnitReportReporter -->
<testsuite hostname="LIN-75NLBK3" failures="0" tests="3" name="Cross_parllel.Testcase_2" time="70.682" errors="0" timestamp="2024-04-11T21:25:03 IST" skipped="0">
  <testcase classname="Cross_parllel.Testcase_2" name="scenario2" time="17.756"/>
  <system-out/>
  <testcase classname="Cross_parllel.Testcase_2" name="scenario2" time="15.462"/>
  <system-out/>
  <testcase classname="Cross_parllel.Testcase_2" name="scenario2" time="37.464"/>
  <system-out/>
</testsuite> <!-- Cross_parllel.Testcase_2 -->
