<?xml version="1.0" encoding="UTF-8"?>
<!-- Generated by org.testng.reporters.JUnitReportReporter -->
<testsuite hostname="LIN-75NLBK3" failures="0" tests="1" name="BM_AM_With_diffclass.Testcase_1" time="13.882" errors="0" timestamp="2024-04-11T21:11:52 IST" skipped="0">
  <testcase classname="BM_AM_With_diffclass.Testcase_1" name="scenario1" time="13.882"/>
  <system-out/>
</testsuite> <!-- BM_AM_With_diffclass.Testcase_1 -->
