<?xml version="1.0" encoding="UTF-8"?>
<!-- Generated by org.testng.reporters.JUnitReportReporter -->
<testsuite hostname="LIN-75NLBK3" failures="0" tests="8" name="TestNG.TwoAnnotations" time="0.046" errors="0" timestamp="2024-04-11T16:25:10 IST" skipped="0">
  <testcase classname="TestNG.TwoAnnotations" name="Sc2" time="0.023"/>
  <system-out/>
  <testcase classname="TestNG.TwoAnnotations" name="Sc1" time="0.002"/>
  <system-out/>
  <testcase classname="TestNG.TwoAnnotations" name="Sc1" time="0.004"/>
  <system-out/>
  <testcase classname="TestNG.TwoAnnotations" name="Sc1" time="0.001"/>
  <system-out/>
  <testcase classname="TestNG.TwoAnnotations" name="Sc1" time="0.003"/>
  <system-out/>
  <testcase classname="TestNG.TwoAnnotations" name="Sc1" time="0.006"/>
  <system-out/>
  <testcase classname="TestNG.TwoAnnotations" name="Sc1" time="0.003"/>
  <system-out/>
  <testcase classname="TestNG.TwoAnnotations" name="Sc1" time="0.004"/>
  <system-out/>
</testsuite> <!-- TestNG.TwoAnnotations -->
