<?xml version="1.0" encoding="UTF-8"?>
<!-- Generated by org.testng.reporters.JUnitReportReporter -->
<testsuite hostname="LIN-75NLBK3" failures="0" tests="12" name="TestNG.MultipleAnnotations" time="0.049" errors="0" timestamp="2024-04-11T16:23:06 IST" skipped="0">
  <testcase classname="TestNG.MultipleAnnotations" name="TC1" time="0.003"/>
  <system-out/>
  <testcase classname="TestNG.MultipleAnnotations" name="TC1" time="0.001"/>
  <system-out/>
  <testcase classname="TestNG.MultipleAnnotations" name="TC2" time="0.001"/>
  <system-out/>
  <testcase classname="TestNG.MultipleAnnotations" name="TC1" time="0.021"/>
  <system-out/>
  <testcase classname="TestNG.MultipleAnnotations" name="TC1" time="0.003"/>
  <system-out/>
  <testcase classname="TestNG.MultipleAnnotations" name="TC1" time="0.006"/>
  <system-out/>
  <testcase classname="TestNG.MultipleAnnotations" name="TC3" time="0.003"/>
  <system-out/>
  <testcase classname="TestNG.MultipleAnnotations" name="TC1" time="0.002"/>
  <system-out/>
  <testcase classname="TestNG.MultipleAnnotations" name="TC1" time="0.003"/>
  <system-out/>
  <testcase classname="TestNG.MultipleAnnotations" name="TC1" time="0.003"/>
  <system-out/>
  <testcase classname="TestNG.MultipleAnnotations" name="TC1" time="0.002"/>
  <system-out/>
  <testcase classname="TestNG.MultipleAnnotations" name="TC1" time="0.001"/>
  <system-out/>
</testsuite> <!-- TestNG.MultipleAnnotations -->
