<?xml version="1.0" encoding="UTF-8"?>
<!-- Generated by org.testng.reporters.JUnitReportReporter -->
<testsuite hostname="LIN-75NLBK3" failures="0" tests="5" name="TestNG.Invocationcount" time="0.008" errors="0" timestamp="2024-04-11T14:53:42 IST" skipped="0">
  <testcase classname="TestNG.Invocationcount" name="Tc1" time="0.002"/>
  <system-out/>
  <testcase classname="TestNG.Invocationcount" name="Tc1" time="0.003"/>
  <system-out/>
  <testcase classname="TestNG.Invocationcount" name="Tc2" time="0.001"/>
  <system-out/>
  <testcase classname="TestNG.Invocationcount" name="Tc2" time="0.001"/>
  <system-out/>
  <testcase classname="TestNG.Invocationcount" name="Tc2" time="0.001"/>
  <system-out/>
</testsuite> <!-- TestNG.Invocationcount -->
