<?xml version="1.0" encoding="UTF-8"?>
<!-- Generated by org.testng.reporters.JUnitReportReporter -->
<testsuite hostname="LIN-75NLBK3" failures="0" tests="3" name="TestNG.Testone" time="0.005" errors="0" timestamp="2024-04-11T14:53:42 IST" skipped="0">
  <testcase classname="TestNG.Testone" name="testcaseone" time="0.002"/>
  <system-out/>
  <testcase classname="TestNG.Testone" name="testcasethree" time="0.001"/>
  <system-out/>
  <testcase classname="TestNG.Testone" name="testcasetwo" time="0.002"/>
  <system-out/>
</testsuite> <!-- TestNG.Testone -->
